<?xml version="1.0" encoding="UTF-8"?>
<!-- Generated by org.testng.reporters.JUnitReportReporter -->
<testsuite skipped="0" hostname="DESKTOP-5O66HUE" name="testwebDriver.testwebDriver.NewTest" tests="1" failures="0" timestamp="17 Oct 2019 07:16:44 GMT" time="5.410" errors="0">
  <testcase name="testEasy" time="5.410" classname="testwebDriver.testwebDriver.NewTest"/>
</testsuite> <!-- testwebDriver.testwebDriver.NewTest -->
